<?xml version="1.0" encoding="UTF-8"?>
<testng-results ignored="0" total="1" passed="1" failed="0" skipped="0">
  <reporter-output>
  </reporter-output>
  <suite started-at="2020-06-26T15:56:30 IST" name="Default suite" finished-at="2020-06-26T15:57:06 IST" duration-ms="35609">
    <groups>
    </groups>
    <test started-at="2020-06-26T15:56:30 IST" name="Default test" finished-at="2020-06-26T15:57:06 IST" duration-ms="35609">
      <class name="TestEmail">
        <test-method signature="gmailSignIn()[pri:0, instance:TestEmail@53fdffa1]" started-at="2020-06-26T15:56:30 IST" name="gmailSignIn" finished-at="2020-06-26T15:57:06 IST" duration-ms="35583" status="PASS">
          <reporter-output>
          </reporter-output>
        </test-method> <!-- gmailSignIn -->
      </class> <!-- TestEmail -->
    </test> <!-- Default test -->
  </suite> <!-- Default suite -->
</testng-results>
